# JRE version: OpenJDK Runtime Environment Temurin-17.0.14+7 (17.0.14+7) (build 17.0.14+7)
# Java VM: OpenJDK 64-Bit Server VM Temurin-17.0.14+7 (17.0.14+7, mixed mode, sharing, tiered, compressed oops, compressed class ptrs, g1 gc, windows-amd64)
GC Precious Log:
 CPUs: 12 total, 12 available
 Memory: 7953M
 Large Page Support: Disabled
 NUMA Support: Disabled
 Compressed Oops: Enabled (32-bit)
 Heap Region Size: 1M
 Heap Min Capacity: 8M
 Heap Initial Capacity: 126M
 Heap Max Capacity: 1990M
 Pre-touch: Disabled
 Parallel Workers: 10
 Concurrent Workers: 3
 Concurrent Refinement Workers: 10
 Periodic GC: Disabled
Heap:
 garbage-first heap   total 391168K, used 134510K [0x0000000083a00000, 0x0000000100000000)
  region size 1024K, 3 young (3072K), 3 survivors (3072K)
 Metaspace       used 41060K, committed 41408K, reserved 1114112K
  class space    used 4376K, committed 4480K, reserved 1048576K
GC Heap History (20 events):
Event: 62.033 GC heap after
{Heap after GC invocations=40 (full 0):
 garbage-first heap   total 269312K, used 126663K [0x0000000083a00000, 0x0000000100000000)
  region size 1024K, 15 young (15360K), 15 survivors (15360K)
 Metaspace       used 39611K, committed 39936K, reserved 1114112K
  class space    used 4277K, committed 4416K, reserved 1048576K
}
Event: 62.042 GC heap before
{Heap before GC invocations=40 (full 0):
 garbage-first heap   total 269312K, used 127687K [0x0000000083a00000, 0x0000000100000000)
  region size 1024K, 16 young (16384K), 15 survivors (15360K)
 Metaspace       used 39612K, committed 39936K, reserved 1114112K
  class space    used 4277K, committed 4416K, reserved 1048576K
}
Event: 62.054 GC heap after
{Heap after GC invocations=41 (full 0):
 garbage-first heap   total 269312K, used 116938K [0x0000000083a00000, 0x0000000100000000)
  region size 1024K, 1 young (1024K), 1 survivors (1024K)
 Metaspace       used 39612K, committed 39936K, reserved 1114112K
  class space    used 4277K, committed 4416K, reserved 1048576K
}
Event: 63.494 GC heap before
{Heap before GC invocations=41 (full 0):
 garbage-first heap   total 269312K, used 201930K [0x0000000083a00000, 0x0000000100000000)
  region size 1024K, 84 young (86016K), 1 survivors (1024K)
 Metaspace       used 39686K, committed 40000K, reserved 1114112K
  class space    used 4281K, committed 4416K, reserved 1048576K
}
Event: 63.500 GC heap after
{Heap after GC invocations=42 (full 0):
 garbage-first heap   total 618496K, used 116222K [0x0000000083a00000, 0x0000000100000000)
  region size 1024K, 3 young (3072K), 3 survivors (3072K)
 Metaspace       used 39686K, committed 40000K, reserved 1114112K
  class space    used 4281K, committed 4416K, reserved 1048576K
}
Event: 71.658 GC heap before
{Heap before GC invocations=43 (full 0):
 garbage-first heap   total 389120K, used 352766K [0x0000000083a00000, 0x0000000100000000)
  region size 1024K, 196 young (200704K), 3 survivors (3072K)
 Metaspace       used 40560K, committed 40896K, reserved 1114112K
  class space    used 4353K, committed 4480K, reserved 1048576K
}
Event: 71.706 GC heap after
{Heap after GC invocations=44 (full 0):
 garbage-first heap   total 391168K, used 152207K [0x0000000083a00000, 0x0000000100000000)
  region size 1024K, 34 young (34816K), 34 survivors (34816K)
 Metaspace       used 40560K, committed 40896K, reserved 1114112K
  class space    used 4353K, committed 4480K, reserved 1048576K
}
Event: 71.710 GC heap before
{Heap before GC invocations=44 (full 0):
 garbage-first heap   total 391168K, used 153231K [0x0000000083a00000, 0x0000000100000000)
  region size 1024K, 35 young (35840K), 34 survivors (34816K)
 Metaspace       used 40560K, committed 40896K, reserved 1114112K
  class space    used 4353K, committed 4480K, reserved 1048576K
}
Event: 71.733 GC heap after
{Heap after GC invocations=45 (full 0):
 garbage-first heap   total 391168K, used 119081K [0x0000000083a00000, 0x0000000100000000)
  region size 1024K, 3 young (3072K), 3 survivors (3072K)
 Metaspace       used 40560K, committed 40896K, reserved 1114112K
  class space    used 4353K, committed 4480K, reserved 1048576K
}
Event: 71.811 GC heap before
{Heap before GC invocations=45 (full 0):
 garbage-first heap   total 391168K, used 134441K [0x0000000083a00000, 0x0000000100000000)
  region size 1024K, 19 young (19456K), 3 survivors (3072K)
 Metaspace       used 40583K, committed 40896K, reserved 1114112K
  class space    used 4353K, committed 4480K, reserved 1048576K
}
Event: 71.816 GC heap after
{Heap after GC invocations=46 (full 0):
 garbage-first heap   total 391168K, used 119561K [0x0000000083a00000, 0x0000000100000000)
  region size 1024K, 3 young (3072K), 3 survivors (3072K)
 Metaspace       used 40583K, committed 40896K, reserved 1114112K
  class space    used 4353K, committed 4480K, reserved 1048576K
}
Event: 72.661 GC heap before
{Heap before GC invocations=46 (full 0):
 garbage-first heap   total 391168K, used 275209K [0x0000000083a00000, 0x0000000100000000)
  region size 1024K, 155 young (158720K), 3 survivors (3072K)
 Metaspace       used 40816K, committed 41088K, reserved 1114112K
  class space    used 4370K, committed 4480K, reserved 1048576K
}
Event: 72.670 GC heap after
{Heap after GC invocations=47 (full 0):
 garbage-first heap   total 391168K, used 128014K [0x0000000083a00000, 0x0000000100000000)
  region size 1024K, 12 young (12288K), 12 survivors (12288K)
 Metaspace       used 40816K, committed 41088K, reserved 1114112K
  class space    used 4370K, committed 4480K, reserved 1048576K
}
Event: 72.969 GC heap before
{Heap before GC invocations=47 (full 0):
 garbage-first heap   total 391168K, used 184334K [0x0000000083a00000, 0x0000000100000000)
  region size 1024K, 68 young (69632K), 12 survivors (12288K)
 Metaspace       used 40931K, committed 41216K, reserved 1114112K
  class space    used 4376K, committed 4480K, reserved 1048576K
}
Event: 72.977 GC heap after
{Heap after GC invocations=48 (full 0):
 garbage-first heap   total 391168K, used 127115K [0x0000000083a00000, 0x0000000100000000)
  region size 1024K, 11 young (11264K), 11 survivors (11264K)
 Metaspace       used 40931K, committed 41216K, reserved 1114112K
  class space    used 4376K, committed 4480K, reserved 1048576K
}
Event: 73.627 GC heap before
{Heap before GC invocations=49 (full 0):
 garbage-first heap   total 372736K, used 285835K [0x0000000083a00000, 0x0000000100000000)
  region size 1024K, 177 young (181248K), 11 survivors (11264K)
 Metaspace       used 41010K, committed 41344K, reserved 1114112K
  class space    used 4376K, committed 4480K, reserved 1048576K
}
Event: 73.660 GC heap after
{Heap after GC invocations=50 (full 0):
 garbage-first heap   total 372736K, used 152996K [0x0000000083a00000, 0x0000000100000000)
  region size 1024K, 23 young (23552K), 23 survivors (23552K)
 Metaspace       used 41010K, committed 41344K, reserved 1114112K
  class space    used 4376K, committed 4480K, reserved 1048576K
}
Event: 73.667 GC heap before
{Heap before GC invocations=50 (full 0):
 garbage-first heap   total 372736K, used 154020K [0x0000000083a00000, 0x0000000100000000)
  region size 1024K, 24 young (24576K), 23 survivors (23552K)
 Metaspace       used 41010K, committed 41344K, reserved 1114112K
  class space    used 4376K, committed 4480K, reserved 1048576K
}
Event: 73.683 GC heap after
{Heap after GC invocations=51 (full 0):
 garbage-first heap   total 372736K, used 133066K [0x0000000083a00000, 0x0000000100000000)
  region size 1024K, 1 young (1024K), 1 survivors (1024K)
 Metaspace       used 41010K, committed 41344K, reserved 1114112K
  class space    used 4376K, committed 4480K, reserved 1048576K
}
Event: 74.159 GC heap before
{Heap before GC invocations=51 (full 0):
 garbage-first heap   total 372736K, used 272330K [0x0000000083a00000, 0x0000000100000000)
  region size 1024K, 137 young (140288K), 1 survivors (1024K)
 Metaspace       used 41060K, committed 41408K, reserved 1114112K
  class space    used 4376K, committed 4480K, reserved 1048576K
}

