# JRE version: OpenJDK Runtime Environment Temurin-17.0.14+7 (17.0.14+7) (build 17.0.14+7)
# Java VM: OpenJDK 64-Bit Server VM Temurin-17.0.14+7 (17.0.14+7, mixed mode, emulated-client, sharing, tiered, compressed oops, compressed class ptrs, g1 gc, windows-amd64)
GC Precious Log:
 CPUs: 12 total, 12 available
 Memory: 7953M
 Large Page Support: Disabled
 NUMA Support: Disabled
 Compressed Oops: Enabled (32-bit)
 Heap Region Size: 1M
 Heap Min Capacity: 8M
 Heap Initial Capacity: 126M
 Heap Max Capacity: 1990M
 Pre-touch: Disabled
 Parallel Workers: 10
 Concurrent Workers: 3
 Concurrent Refinement Workers: 10
 Periodic GC: Disabled
Heap:
 garbage-first heap   total 95232K, used 31653K [0x0000000083a00000, 0x0000000100000000)
  region size 1024K, 3 young (3072K), 3 survivors (3072K)
 Metaspace       used 42021K, committed 42432K, reserved 1114112K
  class space    used 5962K, committed 6144K, reserved 1048576K
GC Heap History (17 events):
Event: 0.232 GC heap before
{Heap before GC invocations=0 (full 0):
 garbage-first heap   total 129024K, used 25600K [0x0000000083a00000, 0x0000000100000000)
  region size 1024K, 23 young (23552K), 0 survivors (0K)
 Metaspace       used 3307K, committed 3456K, reserved 1114112K
  class space    used 421K, committed 448K, reserved 1048576K
}
Event: 0.235 GC heap after
{Heap after GC invocations=1 (full 0):
 garbage-first heap   total 129024K, used 11536K [0x0000000083a00000, 0x0000000100000000)
  region size 1024K, 3 young (3072K), 3 survivors (3072K)
 Metaspace       used 3307K, committed 3456K, reserved 1114112K
  class space    used 421K, committed 448K, reserved 1048576K
}
Event: 0.445 GC heap before
{Heap before GC invocations=1 (full 0):
 garbage-first heap   total 129024K, used 34064K [0x0000000083a00000, 0x0000000100000000)
  region size 1024K, 26 young (26624K), 3 survivors (3072K)
 Metaspace       used 7664K, committed 7936K, reserved 1114112K
  class space    used 1111K, committed 1216K, reserved 1048576K
}
Event: 0.448 GC heap after
{Heap after GC invocations=2 (full 0):
 garbage-first heap   total 129024K, used 13421K [0x0000000083a00000, 0x0000000100000000)
  region size 1024K, 2 young (2048K), 2 survivors (2048K)
 Metaspace       used 7664K, committed 7936K, reserved 1114112K
  class space    used 1111K, committed 1216K, reserved 1048576K
}
Event: 0.639 GC heap before
{Heap before GC invocations=2 (full 0):
 garbage-first heap   total 129024K, used 57453K [0x0000000083a00000, 0x0000000100000000)
  region size 1024K, 46 young (47104K), 2 survivors (2048K)
 Metaspace       used 15539K, committed 15808K, reserved 1114112K
  class space    used 2182K, committed 2304K, reserved 1048576K
}
Event: 0.643 GC heap after
{Heap after GC invocations=3 (full 0):
 garbage-first heap   total 129024K, used 16356K [0x0000000083a00000, 0x0000000100000000)
  region size 1024K, 5 young (5120K), 5 survivors (5120K)
 Metaspace       used 15539K, committed 15808K, reserved 1114112K
  class space    used 2182K, committed 2304K, reserved 1048576K
}
Event: 0.906 GC heap before
{Heap before GC invocations=3 (full 0):
 garbage-first heap   total 129024K, used 71652K [0x0000000083a00000, 0x0000000100000000)
  region size 1024K, 61 young (62464K), 5 survivors (5120K)
 Metaspace       used 21244K, committed 21504K, reserved 1114112K
  class space    used 2869K, committed 3008K, reserved 1048576K
}
Event: 0.914 GC heap after
{Heap after GC invocations=4 (full 0):
 garbage-first heap   total 129024K, used 21827K [0x0000000083a00000, 0x0000000100000000)
  region size 1024K, 10 young (10240K), 10 survivors (10240K)
 Metaspace       used 21244K, committed 21504K, reserved 1114112K
  class space    used 2869K, committed 3008K, reserved 1048576K
}
Event: 1.179 GC heap before
{Heap before GC invocations=5 (full 0):
 garbage-first heap   total 78848K, used 61763K [0x0000000083a00000, 0x0000000100000000)
  region size 1024K, 50 young (51200K), 10 survivors (10240K)
 Metaspace       used 24870K, committed 25088K, reserved 1114112K
  class space    used 3467K, committed 3584K, reserved 1048576K
}
Event: 1.188 GC heap after
{Heap after GC invocations=6 (full 0):
 garbage-first heap   total 95232K, used 23221K [0x0000000083a00000, 0x0000000100000000)
  region size 1024K, 3 young (3072K), 3 survivors (3072K)
 Metaspace       used 24870K, committed 25088K, reserved 1114112K
  class space    used 3467K, committed 3584K, reserved 1048576K
}
Event: 1.476 GC heap before
{Heap before GC invocations=6 (full 0):
 garbage-first heap   total 95232K, used 67253K [0x0000000083a00000, 0x0000000100000000)
  region size 1024K, 46 young (47104K), 3 survivors (3072K)
 Metaspace       used 28556K, committed 28992K, reserved 1114112K
  class space    used 4057K, committed 4288K, reserved 1048576K
}
Event: 1.482 GC heap after
{Heap after GC invocations=7 (full 0):
 garbage-first heap   total 95232K, used 25781K [0x0000000083a00000, 0x0000000100000000)
  region size 1024K, 5 young (5120K), 5 survivors (5120K)
 Metaspace       used 28556K, committed 28992K, reserved 1114112K
  class space    used 4057K, committed 4288K, reserved 1048576K
}
Event: 1.863 GC heap before
{Heap before GC invocations=7 (full 0):
 garbage-first heap   total 95232K, used 70837K [0x0000000083a00000, 0x0000000100000000)
  region size 1024K, 48 young (49152K), 5 survivors (5120K)
 Metaspace       used 35114K, committed 35520K, reserved 1114112K
  class space    used 4912K, committed 5120K, reserved 1048576K
}
Event: 1.871 GC heap after
{Heap after GC invocations=8 (full 0):
 garbage-first heap   total 95232K, used 28908K [0x0000000083a00000, 0x0000000100000000)
  region size 1024K, 6 young (6144K), 6 survivors (6144K)
 Metaspace       used 35114K, committed 35520K, reserved 1114112K
  class space    used 4912K, committed 5120K, reserved 1048576K
}
Event: 1.934 GC heap before
{Heap before GC invocations=8 (full 0):
 garbage-first heap   total 95232K, used 43244K [0x0000000083a00000, 0x0000000100000000)
  region size 1024K, 21 young (21504K), 6 survivors (6144K)
 Metaspace       used 35555K, committed 35968K, reserved 1114112K
  class space    used 4976K, committed 5184K, reserved 1048576K
}
Event: 1.941 GC heap after
{Heap after GC invocations=9 (full 0):
 garbage-first heap   total 95232K, used 30001K [0x0000000083a00000, 0x0000000100000000)
  region size 1024K, 4 young (4096K), 4 survivors (4096K)
 Metaspace       used 35555K, committed 35968K, reserved 1114112K
  class space    used 4976K, committed 5184K, reserved 1048576K
}
Event: 2.323 GC heap before
{Heap before GC invocations=10 (full 0):
 garbage-first heap   total 95232K, used 73009K [0x0000000083a00000, 0x0000000100000000)
  region size 1024K, 46 young (47104K), 4 survivors (4096K)
 Metaspace       used 42021K, committed 42432K, reserved 1114112K
  class space    used 5962K, committed 6144K, reserved 1048576K
}

