# JRE version: OpenJDK Runtime Environment Temurin-17.0.14+7 (17.0.14+7) (build 17.0.14+7)
# Java VM: OpenJDK 64-Bit Server VM Temurin-17.0.14+7 (17.0.14+7, mixed mode, emulated-client, sharing, tiered, compressed oops, compressed class ptrs, g1 gc, windows-amd64)
GC Precious Log:
 CPUs: 12 total, 12 available
 Memory: 7953M
 Large Page Support: Disabled
 NUMA Support: Disabled
 Compressed Oops: Enabled (32-bit)
 Heap Region Size: 1M
 Heap Min Capacity: 8M
 Heap Initial Capacity: 126M
 Heap Max Capacity: 1990M
 Pre-touch: Disabled
 Parallel Workers: 10
 Concurrent Workers: 3
 Concurrent Refinement Workers: 10
 Periodic GC: Disabled
Heap:
 garbage-first heap   total 129024K, used 30030K [0x0000000083a00000, 0x0000000100000000)
  region size 1024K, 2 young (2048K), 2 survivors (2048K)
 Metaspace       used 35554K, committed 35968K, reserved 1114112K
  class space    used 4975K, committed 5184K, reserved 1048576K
GC Heap History (17 events):
Event: 0.393 GC heap before
{Heap before GC invocations=0 (full 0):
 garbage-first heap   total 129024K, used 25600K [0x0000000083a00000, 0x0000000100000000)
  region size 1024K, 23 young (23552K), 0 survivors (0K)
 Metaspace       used 3517K, committed 3712K, reserved 1114112K
  class space    used 451K, committed 512K, reserved 1048576K
}
Event: 0.400 GC heap after
{Heap after GC invocations=1 (full 0):
 garbage-first heap   total 129024K, used 11291K [0x0000000083a00000, 0x0000000100000000)
  region size 1024K, 3 young (3072K), 3 survivors (3072K)
 Metaspace       used 3517K, committed 3712K, reserved 1114112K
  class space    used 451K, committed 512K, reserved 1048576K
}
Event: 0.699 GC heap before
{Heap before GC invocations=1 (full 0):
 garbage-first heap   total 129024K, used 34843K [0x0000000083a00000, 0x0000000100000000)
  region size 1024K, 26 young (26624K), 3 survivors (3072K)
 Metaspace       used 7992K, committed 8192K, reserved 1114112K
  class space    used 1146K, committed 1216K, reserved 1048576K
}
Event: 0.703 GC heap after
{Heap after GC invocations=2 (full 0):
 garbage-first heap   total 129024K, used 13241K [0x0000000083a00000, 0x0000000100000000)
  region size 1024K, 2 young (2048K), 2 survivors (2048K)
 Metaspace       used 7992K, committed 8192K, reserved 1114112K
  class space    used 1146K, committed 1216K, reserved 1048576K
}
Event: 0.991 GC heap before
{Heap before GC invocations=2 (full 0):
 garbage-first heap   total 129024K, used 57273K [0x0000000083a00000, 0x0000000100000000)
  region size 1024K, 46 young (47104K), 2 survivors (2048K)
 Metaspace       used 15993K, committed 16256K, reserved 1114112K
  class space    used 2241K, committed 2368K, reserved 1048576K
}
Event: 0.996 GC heap after
{Heap after GC invocations=3 (full 0):
 garbage-first heap   total 129024K, used 16036K [0x0000000083a00000, 0x0000000100000000)
  region size 1024K, 5 young (5120K), 5 survivors (5120K)
 Metaspace       used 15993K, committed 16256K, reserved 1114112K
  class space    used 2241K, committed 2368K, reserved 1048576K
}
Event: 1.309 GC heap before
{Heap before GC invocations=3 (full 0):
 garbage-first heap   total 129024K, used 69284K [0x0000000083a00000, 0x0000000100000000)
  region size 1024K, 59 young (60416K), 5 survivors (5120K)
 Metaspace       used 21242K, committed 21504K, reserved 1114112K
  class space    used 2868K, committed 3008K, reserved 1048576K
}
Event: 1.320 GC heap after
{Heap after GC invocations=4 (full 0):
 garbage-first heap   total 129024K, used 21545K [0x0000000083a00000, 0x0000000100000000)
  region size 1024K, 10 young (10240K), 10 survivors (10240K)
 Metaspace       used 21242K, committed 21504K, reserved 1114112K
  class space    used 2868K, committed 3008K, reserved 1048576K
}
Event: 1.644 GC heap before
{Heap before GC invocations=5 (full 0):
 garbage-first heap   total 78848K, used 58409K [0x0000000083a00000, 0x0000000100000000)
  region size 1024K, 46 young (47104K), 10 survivors (10240K)
 Metaspace       used 24335K, committed 24576K, reserved 1114112K
  class space    used 3395K, committed 3520K, reserved 1048576K
}
Event: 1.657 GC heap after
{Heap after GC invocations=6 (full 0):
 garbage-first heap   total 95232K, used 22787K [0x0000000083a00000, 0x0000000100000000)
  region size 1024K, 3 young (3072K), 3 survivors (3072K)
 Metaspace       used 24335K, committed 24576K, reserved 1114112K
  class space    used 3395K, committed 3520K, reserved 1048576K
}
Event: 1.670 GC heap before
{Heap before GC invocations=6 (full 0):
 garbage-first heap   total 95232K, used 23811K [0x0000000083a00000, 0x0000000100000000)
  region size 1024K, 4 young (4096K), 3 survivors (3072K)
 Metaspace       used 24423K, committed 24640K, reserved 1114112K
  class space    used 3410K, committed 3520K, reserved 1048576K
}
Event: 1.673 GC heap after
{Heap after GC invocations=7 (full 0):
 garbage-first heap   total 95232K, used 23241K [0x0000000083a00000, 0x0000000100000000)
  region size 1024K, 1 young (1024K), 1 survivors (1024K)
 Metaspace       used 24423K, committed 24640K, reserved 1114112K
  class space    used 3410K, committed 3520K, reserved 1048576K
}
Event: 2.093 GC heap before
{Heap before GC invocations=7 (full 0):
 garbage-first heap   total 95232K, used 67273K [0x0000000083a00000, 0x0000000100000000)
  region size 1024K, 44 young (45056K), 1 survivors (1024K)
 Metaspace       used 28221K, committed 28672K, reserved 1114112K
  class space    used 3993K, committed 4224K, reserved 1048576K
}
Event: 2.101 GC heap after
{Heap after GC invocations=8 (full 0):
 garbage-first heap   total 95232K, used 25344K [0x0000000083a00000, 0x0000000100000000)
  region size 1024K, 3 young (3072K), 3 survivors (3072K)
 Metaspace       used 28221K, committed 28672K, reserved 1114112K
  class space    used 3993K, committed 4224K, reserved 1048576K
}
Event: 2.610 GC heap before
{Heap before GC invocations=8 (full 0):
 garbage-first heap   total 95232K, used 70400K [0x0000000083a00000, 0x0000000100000000)
  region size 1024K, 47 young (48128K), 3 survivors (3072K)
 Metaspace       used 34897K, committed 35328K, reserved 1114112K
  class space    used 4877K, committed 5120K, reserved 1048576K
}
Event: 2.619 GC heap after
{Heap after GC invocations=9 (full 0):
 garbage-first heap   total 95232K, used 28720K [0x0000000083a00000, 0x0000000100000000)
  region size 1024K, 6 young (6144K), 6 survivors (6144K)
 Metaspace       used 34897K, committed 35328K, reserved 1114112K
  class space    used 4877K, committed 5120K, reserved 1048576K
}
Event: 2.741 GC heap before
{Heap before GC invocations=9 (full 0):
 garbage-first heap   total 95232K, used 46128K [0x0000000083a00000, 0x0000000100000000)
  region size 1024K, 23 young (23552K), 6 survivors (6144K)
 Metaspace       used 35554K, committed 35968K, reserved 1114112K
  class space    used 4975K, committed 5184K, reserved 1048576K
}

