# JRE version: OpenJDK Runtime Environment Temurin-17.0.14+7 (17.0.14+7) (build 17.0.14+7)
# Java VM: OpenJDK 64-Bit Server VM Temurin-17.0.14+7 (17.0.14+7, mixed mode, emulated-client, sharing, tiered, compressed oops, compressed class ptrs, g1 gc, windows-amd64)
GC Precious Log:
 CPUs: 12 total, 12 available
 Memory: 7953M
 Large Page Support: Disabled
 NUMA Support: Disabled
 Compressed Oops: Enabled (32-bit)
 Heap Region Size: 1M
 Heap Min Capacity: 8M
 Heap Initial Capacity: 126M
 Heap Max Capacity: 1990M
 Pre-touch: Disabled
 Parallel Workers: 10
 Concurrent Workers: 3
 Concurrent Refinement Workers: 10
 Periodic GC: Disabled
Heap:
 garbage-first heap   total 129024K, used 29911K [0x0000000083a00000, 0x0000000100000000)
  region size 1024K, 4 young (4096K), 4 survivors (4096K)
 Metaspace       used 35558K, committed 35968K, reserved 1114112K
  class space    used 4976K, committed 5184K, reserved 1048576K
GC Heap History (17 events):
Event: 0.286 GC heap before
{Heap before GC invocations=0 (full 0):
 garbage-first heap   total 129024K, used 25600K [0x0000000083a00000, 0x0000000100000000)
  region size 1024K, 23 young (23552K), 0 survivors (0K)
 Metaspace       used 3518K, committed 3712K, reserved 1114112K
  class space    used 452K, committed 512K, reserved 1048576K
}
Event: 0.290 GC heap after
{Heap after GC invocations=1 (full 0):
 garbage-first heap   total 129024K, used 11214K [0x0000000083a00000, 0x0000000100000000)
  region size 1024K, 3 young (3072K), 3 survivors (3072K)
 Metaspace       used 3518K, committed 3712K, reserved 1114112K
  class space    used 452K, committed 512K, reserved 1048576K
}
Event: 0.495 GC heap before
{Heap before GC invocations=1 (full 0):
 garbage-first heap   total 129024K, used 34766K [0x0000000083a00000, 0x0000000100000000)
  region size 1024K, 26 young (26624K), 3 survivors (3072K)
 Metaspace       used 7993K, committed 8192K, reserved 1114112K
  class space    used 1147K, committed 1216K, reserved 1048576K
}
Event: 0.499 GC heap after
{Heap after GC invocations=2 (full 0):
 garbage-first heap   total 129024K, used 13478K [0x0000000083a00000, 0x0000000100000000)
  region size 1024K, 2 young (2048K), 2 survivors (2048K)
 Metaspace       used 7993K, committed 8192K, reserved 1114112K
  class space    used 1147K, committed 1216K, reserved 1048576K
}
Event: 0.702 GC heap before
{Heap before GC invocations=2 (full 0):
 garbage-first heap   total 129024K, used 57510K [0x0000000083a00000, 0x0000000100000000)
  region size 1024K, 46 young (47104K), 2 survivors (2048K)
 Metaspace       used 15519K, committed 15808K, reserved 1114112K
  class space    used 2179K, committed 2304K, reserved 1048576K
}
Event: 0.706 GC heap after
{Heap after GC invocations=3 (full 0):
 garbage-first heap   total 129024K, used 16429K [0x0000000083a00000, 0x0000000100000000)
  region size 1024K, 5 young (5120K), 5 survivors (5120K)
 Metaspace       used 15519K, committed 15808K, reserved 1114112K
  class space    used 2179K, committed 2304K, reserved 1048576K
}
Event: 0.946 GC heap before
{Heap before GC invocations=3 (full 0):
 garbage-first heap   total 129024K, used 69677K [0x0000000083a00000, 0x0000000100000000)
  region size 1024K, 58 young (59392K), 5 survivors (5120K)
 Metaspace       used 21237K, committed 21504K, reserved 1114112K
  class space    used 2868K, committed 3008K, reserved 1048576K
}
Event: 0.953 GC heap after
{Heap after GC invocations=4 (full 0):
 garbage-first heap   total 129024K, used 21768K [0x0000000083a00000, 0x0000000100000000)
  region size 1024K, 10 young (10240K), 10 survivors (10240K)
 Metaspace       used 21237K, committed 21504K, reserved 1114112K
  class space    used 2868K, committed 3008K, reserved 1048576K
}
Event: 1.213 GC heap before
{Heap before GC invocations=5 (full 0):
 garbage-first heap   total 78848K, used 61704K [0x0000000083a00000, 0x0000000100000000)
  region size 1024K, 50 young (51200K), 10 survivors (10240K)
 Metaspace       used 24870K, committed 25088K, reserved 1114112K
  class space    used 3466K, committed 3584K, reserved 1048576K
}
Event: 1.222 GC heap after
{Heap after GC invocations=6 (full 0):
 garbage-first heap   total 95232K, used 23539K [0x0000000083a00000, 0x0000000100000000)
  region size 1024K, 3 young (3072K), 3 survivors (3072K)
 Metaspace       used 24870K, committed 25088K, reserved 1114112K
  class space    used 3466K, committed 3584K, reserved 1048576K
}
Event: 1.229 GC heap before
{Heap before GC invocations=6 (full 0):
 garbage-first heap   total 95232K, used 24563K [0x0000000083a00000, 0x0000000100000000)
  region size 1024K, 4 young (4096K), 3 survivors (3072K)
 Metaspace       used 24913K, committed 25152K, reserved 1114112K
  class space    used 3473K, committed 3584K, reserved 1048576K
}
Event: 1.232 GC heap after
{Heap after GC invocations=7 (full 0):
 garbage-first heap   total 95232K, used 23795K [0x0000000083a00000, 0x0000000100000000)
  region size 1024K, 1 young (1024K), 1 survivors (1024K)
 Metaspace       used 24913K, committed 25152K, reserved 1114112K
  class space    used 3473K, committed 3584K, reserved 1048576K
}
Event: 1.525 GC heap before
{Heap before GC invocations=7 (full 0):
 garbage-first heap   total 95232K, used 67827K [0x0000000083a00000, 0x0000000100000000)
  region size 1024K, 44 young (45056K), 1 survivors (1024K)
 Metaspace       used 28775K, committed 29184K, reserved 1114112K
  class space    used 4087K, committed 4288K, reserved 1048576K
}
Event: 1.532 GC heap after
{Heap after GC invocations=8 (full 0):
 garbage-first heap   total 95232K, used 26052K [0x0000000083a00000, 0x0000000100000000)
  region size 1024K, 3 young (3072K), 3 survivors (3072K)
 Metaspace       used 28775K, committed 29184K, reserved 1114112K
  class space    used 4087K, committed 4288K, reserved 1048576K
}
Event: 1.907 GC heap before
{Heap before GC invocations=8 (full 0):
 garbage-first heap   total 95232K, used 71108K [0x0000000083a00000, 0x0000000100000000)
  region size 1024K, 46 young (47104K), 3 survivors (3072K)
 Metaspace       used 35127K, committed 35520K, reserved 1114112K
  class space    used 4914K, committed 5120K, reserved 1048576K
}
Event: 1.913 GC heap after
{Heap after GC invocations=9 (full 0):
 garbage-first heap   total 95232K, used 28887K [0x0000000083a00000, 0x0000000100000000)
  region size 1024K, 6 young (6144K), 6 survivors (6144K)
 Metaspace       used 35127K, committed 35520K, reserved 1114112K
  class space    used 4914K, committed 5120K, reserved 1048576K
}
Event: 1.969 GC heap before
{Heap before GC invocations=9 (full 0):
 garbage-first heap   total 95232K, used 41175K [0x0000000083a00000, 0x0000000100000000)
  region size 1024K, 19 young (19456K), 6 survivors (6144K)
 Metaspace       used 35558K, committed 35968K, reserved 1114112K
  class space    used 4976K, committed 5184K, reserved 1048576K
}

